mode: set
github.com/runaway-killswitch/proxy-engine/core/breaker.go:17.82,19.2 1 1
github.com/runaway-killswitch/proxy-engine/core/breaker.go:23.124,25.16 2 1
github.com/runaway-killswitch/proxy-engine/core/breaker.go:25.16,27.3 1 0
github.com/runaway-killswitch/proxy-engine/core/breaker.go:28.2,28.12 1 1
github.com/runaway-killswitch/proxy-engine/core/breaker.go:28.12,30.3 1 1
github.com/runaway-killswitch/proxy-engine/core/breaker.go:32.2,33.16 2 1
github.com/runaway-killswitch/proxy-engine/core/breaker.go:33.16,35.3 1 0
github.com/runaway-killswitch/proxy-engine/core/breaker.go:36.2,36.18 1 1
github.com/runaway-killswitch/proxy-engine/core/breaker.go:36.18,38.69 2 1
github.com/runaway-killswitch/proxy-engine/core/breaker.go:38.69,40.4 1 0
github.com/runaway-killswitch/proxy-engine/core/breaker.go:41.3,41.27 1 1
github.com/runaway-killswitch/proxy-engine/core/breaker.go:44.2,44.23 1 1
github.com/runaway-killswitch/proxy-engine/core/breaker.go:51.157,52.43 1 1
github.com/runaway-killswitch/proxy-engine/core/breaker.go:52.43,54.3 1 1
github.com/runaway-killswitch/proxy-engine/core/breaker.go:56.2,56.87 1 1
github.com/runaway-killswitch/proxy-engine/core/breaker.go:56.87,58.3 1 0
github.com/runaway-killswitch/proxy-engine/core/breaker.go:60.2,61.16 2 1
github.com/runaway-killswitch/proxy-engine/core/breaker.go:61.16,63.3 1 0
github.com/runaway-killswitch/proxy-engine/core/breaker.go:63.8,63.64 1 1
github.com/runaway-killswitch/proxy-engine/core/breaker.go:63.64,65.83 2 1
github.com/runaway-killswitch/proxy-engine/core/breaker.go:65.83,67.4 1 0
github.com/runaway-killswitch/proxy-engine/core/breaker.go:68.3,68.27 1 1
github.com/runaway-killswitch/proxy-engine/core/breaker.go:71.2,72.16 2 1
github.com/runaway-killswitch/proxy-engine/core/breaker.go:72.16,74.3 1 0
github.com/runaway-killswitch/proxy-engine/core/breaker.go:74.8,74.60 1 1
github.com/runaway-killswitch/proxy-engine/core/breaker.go:74.60,76.83 2 1
github.com/runaway-killswitch/proxy-engine/core/breaker.go:76.83,78.4 1 0
github.com/runaway-killswitch/proxy-engine/core/breaker.go:79.3,79.27 1 1
github.com/runaway-killswitch/proxy-engine/core/breaker.go:82.2,82.23 1 1
github.com/runaway-killswitch/proxy-engine/core/config.go:66.47,68.16 2 1
github.com/runaway-killswitch/proxy-engine/core/config.go:68.16,70.3 1 1
github.com/runaway-killswitch/proxy-engine/core/config.go:71.2,72.51 2 1
github.com/runaway-killswitch/proxy-engine/core/config.go:72.51,74.3 1 1
github.com/runaway-killswitch/proxy-engine/core/config.go:75.2,75.49 1 1
github.com/runaway-killswitch/proxy-engine/core/config.go:75.49,77.3 1 1
github.com/runaway-killswitch/proxy-engine/core/config.go:78.2,78.50 1 1
github.com/runaway-killswitch/proxy-engine/core/config.go:78.50,80.3 1 1
github.com/runaway-killswitch/proxy-engine/core/config.go:81.2,81.52 1 1
github.com/runaway-killswitch/proxy-engine/core/config.go:81.52,83.3 1 1
github.com/runaway-killswitch/proxy-engine/core/config.go:85.2,85.42 1 1
github.com/runaway-killswitch/proxy-engine/core/config.go:85.42,87.3 1 1
github.com/runaway-killswitch/proxy-engine/core/config.go:88.2,88.40 1 1
github.com/runaway-killswitch/proxy-engine/core/config.go:88.40,90.3 1 1
github.com/runaway-killswitch/proxy-engine/core/config.go:91.2,91.18 1 1
github.com/runaway-killswitch/proxy-engine/core/config.go:96.58,97.54 1 1
github.com/runaway-killswitch/proxy-engine/core/config.go:97.54,99.3 1 1
github.com/runaway-killswitch/proxy-engine/core/config.go:102.2,103.40 2 1
github.com/runaway-killswitch/proxy-engine/core/config.go:103.40,105.3 1 1
github.com/runaway-killswitch/proxy-engine/core/config.go:106.2,106.39 1 1
github.com/runaway-killswitch/proxy-engine/core/config.go:106.39,106.77 1 1
github.com/runaway-killswitch/proxy-engine/core/config.go:107.2,107.27 1 1
github.com/runaway-killswitch/proxy-engine/core/config.go:107.27,108.36 1 1
github.com/runaway-killswitch/proxy-engine/core/config.go:108.36,110.4 1 1
github.com/runaway-killswitch/proxy-engine/core/config.go:112.2,115.3 1 1
github.com/runaway-killswitch/proxy-engine/core/metrics.go:31.88,33.16 2 1
github.com/runaway-killswitch/proxy-engine/core/metrics.go:33.16,35.3 1 0
github.com/runaway-killswitch/proxy-engine/core/metrics.go:36.2,39.47 4 1
github.com/runaway-killswitch/proxy-engine/core/metrics.go:39.47,41.3 1 0
github.com/runaway-killswitch/proxy-engine/core/metrics.go:42.2,42.64 1 1
github.com/runaway-killswitch/proxy-engine/core/metrics.go:46.99,48.22 2 1
github.com/runaway-killswitch/proxy-engine/core/metrics.go:48.22,50.3 1 1
github.com/runaway-killswitch/proxy-engine/core/metrics.go:51.2,51.16 1 1
github.com/runaway-killswitch/proxy-engine/core/metrics.go:51.16,53.3 1 0
github.com/runaway-killswitch/proxy-engine/core/metrics.go:54.2,55.32 2 1
github.com/runaway-killswitch/proxy-engine/core/metrics.go:59.93,65.2 5 1
github.com/runaway-killswitch/proxy-engine/core/metrics.go:68.76,75.2 6 1
github.com/runaway-killswitch/proxy-engine/core/metrics.go:79.126,98.2 16 1
github.com/runaway-killswitch/proxy-engine/core/metrics.go:101.108,104.22 3 1
github.com/runaway-killswitch/proxy-engine/core/metrics.go:104.22,106.3 1 1
github.com/runaway-killswitch/proxy-engine/core/metrics.go:107.2,108.16 2 1
github.com/runaway-killswitch/proxy-engine/core/metrics.go:108.16,110.3 1 0
github.com/runaway-killswitch/proxy-engine/core/metrics.go:111.2,112.25 2 1
github.com/runaway-killswitch/proxy-engine/core/metrics.go:112.25,113.15 1 1
github.com/runaway-killswitch/proxy-engine/core/metrics.go:113.15,114.12 1 1
github.com/runaway-killswitch/proxy-engine/core/metrics.go:116.3,117.18 2 1
github.com/runaway-killswitch/proxy-engine/core/metrics.go:119.2,119.45 1 1
github.com/runaway-killswitch/proxy-engine/core/metrics.go:123.82,130.16 4 1
github.com/runaway-killswitch/proxy-engine/core/metrics.go:130.16,132.3 1 0
github.com/runaway-killswitch/proxy-engine/core/metrics.go:133.2,134.25 2 1
github.com/runaway-killswitch/proxy-engine/core/metrics.go:134.25,135.15 1 1
github.com/runaway-killswitch/proxy-engine/core/metrics.go:135.15,136.12 1 1
github.com/runaway-killswitch/proxy-engine/core/metrics.go:138.3,139.18 2 1
github.com/runaway-killswitch/proxy-engine/core/metrics.go:141.2,141.45 1 1
github.com/runaway-killswitch/proxy-engine/core/metrics.go:146.118,151.42 5 1
github.com/runaway-killswitch/proxy-engine/core/metrics.go:151.42,153.3 1 0
github.com/runaway-killswitch/proxy-engine/core/metrics.go:154.2,155.32 2 1
github.com/runaway-killswitch/proxy-engine/core/metrics.go:155.32,157.3 1 1
github.com/runaway-killswitch/proxy-engine/core/metrics.go:158.2,158.31 1 1
github.com/runaway-killswitch/proxy-engine/core/metrics.go:158.31,159.21 1 1
github.com/runaway-killswitch/proxy-engine/core/metrics.go:159.21,161.4 1 1
github.com/runaway-killswitch/proxy-engine/core/metrics.go:163.2,163.18 1 1
github.com/runaway-killswitch/proxy-engine/core/metrics.go:181.93,189.16 8 1
github.com/runaway-killswitch/proxy-engine/core/metrics.go:189.16,191.3 1 0
github.com/runaway-killswitch/proxy-engine/core/metrics.go:192.2,203.8 1 1
github.com/runaway-killswitch/proxy-engine/core/streaming.go:8.90,9.29 1 1
github.com/runaway-killswitch/proxy-engine/core/streaming.go:9.29,11.3 1 1
github.com/runaway-killswitch/proxy-engine/core/streaming.go:12.2,12.34 1 1
github.com/runaway-killswitch/proxy-engine/core/streaming.go:16.94,17.29 1 1
github.com/runaway-killswitch/proxy-engine/core/streaming.go:17.29,24.53 2 1
github.com/runaway-killswitch/proxy-engine/core/streaming.go:24.53,26.4 1 1
github.com/runaway-killswitch/proxy-engine/core/streaming.go:27.3,27.14 1 0
github.com/runaway-killswitch/proxy-engine/core/streaming.go:31.2,37.52 2 1
github.com/runaway-killswitch/proxy-engine/core/streaming.go:37.52,39.3 1 1
github.com/runaway-killswitch/proxy-engine/core/streaming.go:40.2,40.13 1 1
github.com/runaway-killswitch/proxy-engine/core/streaming.go:46.76,58.51 2 1
github.com/runaway-killswitch/proxy-engine/core/streaming.go:58.51,60.3 1 1
github.com/runaway-killswitch/proxy-engine/core/streaming.go:61.2,61.18 1 1
github.com/runaway-killswitch/proxy-engine/core/streaming.go:62.23,63.42 1 1
github.com/runaway-killswitch/proxy-engine/core/streaming.go:64.23,65.35 1 1
github.com/runaway-killswitch/proxy-engine/core/streaming.go:67.2,67.13 1 1
github.com/runaway-killswitch/proxy-engine/core/streaming.go:73.73,80.71 2 1
github.com/runaway-killswitch/proxy-engine/core/streaming.go:80.71,82.3 1 1
github.com/runaway-killswitch/proxy-engine/core/streaming.go:83.2,83.59 1 1
