mode: set
github.com/runaway-killswitch/proxy-engine/main.go:48.13,50.22 2 0
github.com/runaway-killswitch/proxy-engine/main.go:50.22,52.3 1 0
github.com/runaway-killswitch/proxy-engine/main.go:54.2,55.16 2 0
github.com/runaway-killswitch/proxy-engine/main.go:55.16,58.3 2 0
github.com/runaway-killswitch/proxy-engine/main.go:60.2,61.20 2 0
github.com/runaway-killswitch/proxy-engine/main.go:61.20,63.3 1 0
github.com/runaway-killswitch/proxy-engine/main.go:65.2,66.16 2 0
github.com/runaway-killswitch/proxy-engine/main.go:66.16,69.3 2 0
github.com/runaway-killswitch/proxy-engine/main.go:71.2,105.12 11 0
github.com/runaway-killswitch/proxy-engine/main.go:105.12,107.85 2 0
github.com/runaway-killswitch/proxy-engine/main.go:107.85,110.4 2 0
github.com/runaway-killswitch/proxy-engine/main.go:113.2,113.12 1 0
github.com/runaway-killswitch/proxy-engine/main.go:113.12,115.85 2 0
github.com/runaway-killswitch/proxy-engine/main.go:115.85,118.4 2 0
github.com/runaway-killswitch/proxy-engine/main.go:121.2,128.54 7 0
github.com/runaway-killswitch/proxy-engine/main.go:128.54,130.3 1 0
github.com/runaway-killswitch/proxy-engine/main.go:131.2,131.54 1 0
github.com/runaway-killswitch/proxy-engine/main.go:131.54,133.3 1 0
github.com/runaway-killswitch/proxy-engine/main.go:134.2,134.32 1 0
github.com/runaway-killswitch/proxy-engine/main.go:138.79,139.33 1 0
github.com/runaway-killswitch/proxy-engine/main.go:139.33,142.3 2 0
github.com/runaway-killswitch/proxy-engine/main.go:144.2,146.16 3 0
github.com/runaway-killswitch/proxy-engine/main.go:146.16,149.3 2 0
github.com/runaway-killswitch/proxy-engine/main.go:150.2,157.16 6 0
github.com/runaway-killswitch/proxy-engine/main.go:157.16,159.3 1 0
github.com/runaway-killswitch/proxy-engine/main.go:160.2,160.13 1 0
github.com/runaway-killswitch/proxy-engine/main.go:160.13,163.3 2 0
github.com/runaway-killswitch/proxy-engine/main.go:165.2,168.118 3 0
github.com/runaway-killswitch/proxy-engine/main.go:168.118,170.3 1 0
github.com/runaway-killswitch/proxy-engine/main.go:170.8,170.22 1 0
github.com/runaway-killswitch/proxy-engine/main.go:170.22,172.13 2 0
github.com/runaway-killswitch/proxy-engine/main.go:172.13,173.17 1 0
github.com/runaway-killswitch/proxy-engine/main.go:173.17,174.37 1 0
github.com/runaway-killswitch/proxy-engine/main.go:174.37,176.6 1 0
github.com/runaway-killswitch/proxy-engine/main.go:178.4,178.32 1 0
github.com/runaway-killswitch/proxy-engine/main.go:185.82,186.33 1 0
github.com/runaway-killswitch/proxy-engine/main.go:186.33,189.3 2 0
github.com/runaway-killswitch/proxy-engine/main.go:191.2,193.16 3 0
github.com/runaway-killswitch/proxy-engine/main.go:193.16,196.3 2 0
github.com/runaway-killswitch/proxy-engine/main.go:197.2,208.16 8 0
github.com/runaway-killswitch/proxy-engine/main.go:208.16,210.3 1 0
github.com/runaway-killswitch/proxy-engine/main.go:211.2,211.13 1 0
github.com/runaway-killswitch/proxy-engine/main.go:211.13,214.3 2 0
github.com/runaway-killswitch/proxy-engine/main.go:216.2,219.118 3 0
github.com/runaway-killswitch/proxy-engine/main.go:219.118,221.3 1 0
github.com/runaway-killswitch/proxy-engine/main.go:221.8,221.22 1 0
github.com/runaway-killswitch/proxy-engine/main.go:221.22,223.13 2 0
github.com/runaway-killswitch/proxy-engine/main.go:223.13,224.17 1 0
github.com/runaway-killswitch/proxy-engine/main.go:224.17,225.37 1 0
github.com/runaway-killswitch/proxy-engine/main.go:225.37,227.6 1 0
github.com/runaway-killswitch/proxy-engine/main.go:229.4,229.32 1 0
github.com/runaway-killswitch/proxy-engine/main.go:236.165,238.16 2 0
github.com/runaway-killswitch/proxy-engine/main.go:238.16,241.3 2 0
github.com/runaway-killswitch/proxy-engine/main.go:244.2,244.30 1 0
github.com/runaway-killswitch/proxy-engine/main.go:244.30,245.77 1 0
github.com/runaway-killswitch/proxy-engine/main.go:245.77,246.12 1 0
github.com/runaway-killswitch/proxy-engine/main.go:248.3,248.24 1 0
github.com/runaway-killswitch/proxy-engine/main.go:248.24,250.4 1 0
github.com/runaway-killswitch/proxy-engine/main.go:252.2,255.16 3 0
github.com/runaway-killswitch/proxy-engine/main.go:255.16,258.3 2 0
github.com/runaway-killswitch/proxy-engine/main.go:259.2,269.33 3 0
github.com/runaway-killswitch/proxy-engine/main.go:269.33,270.43 1 0
github.com/runaway-killswitch/proxy-engine/main.go:270.43,271.12 1 0
github.com/runaway-killswitch/proxy-engine/main.go:273.3,273.24 1 0
github.com/runaway-killswitch/proxy-engine/main.go:273.24,275.4 1 0
github.com/runaway-killswitch/proxy-engine/main.go:277.2,279.38 2 0
github.com/runaway-killswitch/proxy-engine/main.go:279.38,280.50 1 0
github.com/runaway-killswitch/proxy-engine/main.go:280.50,282.4 1 0
github.com/runaway-killswitch/proxy-engine/main.go:283.3,283.9 1 0
github.com/runaway-killswitch/proxy-engine/main.go:286.2,287.11 2 0
github.com/runaway-killswitch/proxy-engine/main.go:287.11,289.3 1 0
github.com/runaway-killswitch/proxy-engine/main.go:289.8,292.46 3 0
github.com/runaway-killswitch/proxy-engine/main.go:292.46,294.4 1 0
github.com/runaway-killswitch/proxy-engine/main.go:296.2,296.8 1 0
github.com/runaway-killswitch/proxy-engine/main.go:301.113,305.6 3 0
github.com/runaway-killswitch/proxy-engine/main.go:305.6,307.20 2 0
github.com/runaway-killswitch/proxy-engine/main.go:307.20,308.45 1 0
github.com/runaway-killswitch/proxy-engine/main.go:308.45,310.10 2 0
github.com/runaway-killswitch/proxy-engine/main.go:312.4,312.16 1 0
github.com/runaway-killswitch/proxy-engine/main.go:312.16,314.5 1 0
github.com/runaway-killswitch/proxy-engine/main.go:315.4,316.50 2 0
github.com/runaway-killswitch/proxy-engine/main.go:316.50,318.45 2 0
github.com/runaway-killswitch/proxy-engine/main.go:318.45,320.16 2 0
github.com/runaway-killswitch/proxy-engine/main.go:320.16,322.7 1 0
github.com/runaway-killswitch/proxy-engine/main.go:323.6,323.17 1 0
github.com/runaway-killswitch/proxy-engine/main.go:323.17,325.7 1 0
github.com/runaway-killswitch/proxy-engine/main.go:329.3,329.17 1 0
github.com/runaway-killswitch/proxy-engine/main.go:329.17,330.9 1 0
github.com/runaway-killswitch/proxy-engine/main.go:333.2,333.8 1 0
github.com/runaway-killswitch/proxy-engine/main.go:338.91,343.44 3 1
github.com/runaway-killswitch/proxy-engine/main.go:343.44,345.3 1 1
github.com/runaway-killswitch/proxy-engine/main.go:346.2,346.47 1 1
github.com/runaway-killswitch/proxy-engine/main.go:346.47,348.3 1 1
github.com/runaway-killswitch/proxy-engine/main.go:349.2,349.38 1 1
github.com/runaway-killswitch/proxy-engine/main.go:349.38,350.56 1 1
github.com/runaway-killswitch/proxy-engine/main.go:350.56,352.4 1 1
github.com/runaway-killswitch/proxy-engine/main.go:355.2,355.42 1 1
github.com/runaway-killswitch/proxy-engine/main.go:355.42,357.3 1 0
github.com/runaway-killswitch/proxy-engine/main.go:358.2,359.73 1 1
github.com/runaway-killswitch/proxy-engine/main.go:359.73,361.3 1 1
github.com/runaway-killswitch/proxy-engine/main.go:363.2,363.60 1 1
github.com/runaway-killswitch/proxy-engine/main.go:363.60,364.53 1 1
github.com/runaway-killswitch/proxy-engine/main.go:364.53,366.4 1 1
github.com/runaway-killswitch/proxy-engine/main.go:368.2,368.43 1 0
github.com/runaway-killswitch/proxy-engine/main.go:373.71,374.23 1 0
github.com/runaway-killswitch/proxy-engine/main.go:374.23,377.3 2 0
github.com/runaway-killswitch/proxy-engine/main.go:378.2,379.24 2 0
github.com/runaway-killswitch/proxy-engine/main.go:382.79,383.32 1 0
github.com/runaway-killswitch/proxy-engine/main.go:383.32,386.3 2 0
github.com/runaway-killswitch/proxy-engine/main.go:387.2,390.16 4 0
github.com/runaway-killswitch/proxy-engine/main.go:390.16,394.3 3 0
github.com/runaway-killswitch/proxy-engine/main.go:395.2,395.36 1 0
github.com/runaway-killswitch/proxy-engine/main.go:398.78,401.36 3 0
github.com/runaway-killswitch/proxy-engine/main.go:401.36,405.3 3 0
github.com/runaway-killswitch/proxy-engine/main.go:406.2,406.33 1 0
github.com/runaway-killswitch/proxy-engine/main.go:406.33,410.3 3 0
github.com/runaway-killswitch/proxy-engine/main.go:411.2,411.67 1 0
github.com/runaway-killswitch/proxy-engine/main.go:411.67,415.3 3 0
github.com/runaway-killswitch/proxy-engine/main.go:416.2,416.114 1 0
github.com/runaway-killswitch/proxy-engine/main.go:419.50,420.39 1 0
github.com/runaway-killswitch/proxy-engine/main.go:420.39,422.3 1 0
github.com/runaway-killswitch/proxy-engine/main.go:423.2,423.89 1 0
github.com/runaway-killswitch/proxy-engine/main.go:423.89,425.3 1 0
github.com/runaway-killswitch/proxy-engine/main.go:426.2,432.16 4 0
github.com/runaway-killswitch/proxy-engine/main.go:432.16,435.3 2 0
github.com/runaway-killswitch/proxy-engine/main.go:436.2,436.19 1 0
github.com/runaway-killswitch/proxy-engine/main.go:442.65,452.2 3 1
github.com/runaway-killswitch/proxy-engine/main.go:457.44,463.76 2 1
github.com/runaway-killswitch/proxy-engine/main.go:463.76,466.3 2 1
github.com/runaway-killswitch/proxy-engine/main.go:467.2,468.33 2 1
github.com/runaway-killswitch/proxy-engine/main.go:472.39,476.70 2 1
github.com/runaway-killswitch/proxy-engine/main.go:476.70,478.3 1 1
github.com/runaway-killswitch/proxy-engine/main.go:479.2,479.18 1 1
github.com/runaway-killswitch/proxy-engine/main.go:483.62,484.20 1 1
github.com/runaway-killswitch/proxy-engine/main.go:484.20,486.3 1 1
github.com/runaway-killswitch/proxy-engine/main.go:487.2,487.23 1 1
github.com/runaway-killswitch/proxy-engine/main.go:494.51,496.56 2 1
github.com/runaway-killswitch/proxy-engine/main.go:496.56,498.3 1 1
github.com/runaway-killswitch/proxy-engine/main.go:499.2,500.13 2 1
github.com/runaway-killswitch/proxy-engine/main.go:500.13,502.3 1 1
github.com/runaway-killswitch/proxy-engine/main.go:503.2,504.74 2 1
github.com/runaway-killswitch/proxy-engine/main.go:504.74,506.3 1 1
github.com/runaway-killswitch/proxy-engine/main.go:508.2,508.49 1 1
github.com/runaway-killswitch/proxy-engine/main.go:508.49,510.45 2 1
github.com/runaway-killswitch/proxy-engine/main.go:510.45,512.53 2 1
github.com/runaway-killswitch/proxy-engine/main.go:512.53,514.5 1 1
github.com/runaway-killswitch/proxy-engine/main.go:517.8,519.3 1 1
github.com/runaway-killswitch/proxy-engine/main.go:520.2,521.16 2 1
github.com/runaway-killswitch/proxy-engine/main.go:521.16,523.3 1 0
github.com/runaway-killswitch/proxy-engine/main.go:524.2,524.17 1 1
github.com/runaway-killswitch/proxy-engine/core/breaker.go:17.82,19.2 1 0
github.com/runaway-killswitch/proxy-engine/core/breaker.go:23.124,25.16 2 0
github.com/runaway-killswitch/proxy-engine/core/breaker.go:25.16,27.3 1 0
github.com/runaway-killswitch/proxy-engine/core/breaker.go:28.2,28.12 1 0
github.com/runaway-killswitch/proxy-engine/core/breaker.go:28.12,30.3 1 0
github.com/runaway-killswitch/proxy-engine/core/breaker.go:32.2,33.16 2 0
github.com/runaway-killswitch/proxy-engine/core/breaker.go:33.16,35.3 1 0
github.com/runaway-killswitch/proxy-engine/core/breaker.go:36.2,36.18 1 0
github.com/runaway-killswitch/proxy-engine/core/breaker.go:36.18,38.69 2 0
github.com/runaway-killswitch/proxy-engine/core/breaker.go:38.69,40.4 1 0
github.com/runaway-killswitch/proxy-engine/core/breaker.go:41.3,41.27 1 0
github.com/runaway-killswitch/proxy-engine/core/breaker.go:44.2,44.23 1 0
github.com/runaway-killswitch/proxy-engine/core/breaker.go:51.157,52.43 1 0
github.com/runaway-killswitch/proxy-engine/core/breaker.go:52.43,54.3 1 0
github.com/runaway-killswitch/proxy-engine/core/breaker.go:56.2,56.87 1 0
github.com/runaway-killswitch/proxy-engine/core/breaker.go:56.87,58.3 1 0
github.com/runaway-killswitch/proxy-engine/core/breaker.go:60.2,61.16 2 0
github.com/runaway-killswitch/proxy-engine/core/breaker.go:61.16,63.3 1 0
github.com/runaway-killswitch/proxy-engine/core/breaker.go:63.8,63.64 1 0
github.com/runaway-killswitch/proxy-engine/core/breaker.go:63.64,65.83 2 0
github.com/runaway-killswitch/proxy-engine/core/breaker.go:65.83,67.4 1 0
github.com/runaway-killswitch/proxy-engine/core/breaker.go:68.3,68.27 1 0
github.com/runaway-killswitch/proxy-engine/core/breaker.go:71.2,72.16 2 0
github.com/runaway-killswitch/proxy-engine/core/breaker.go:72.16,74.3 1 0
github.com/runaway-killswitch/proxy-engine/core/breaker.go:74.8,74.60 1 0
github.com/runaway-killswitch/proxy-engine/core/breaker.go:74.60,76.83 2 0
github.com/runaway-killswitch/proxy-engine/core/breaker.go:76.83,78.4 1 0
github.com/runaway-killswitch/proxy-engine/core/breaker.go:79.3,79.27 1 0
github.com/runaway-killswitch/proxy-engine/core/breaker.go:82.2,82.23 1 0
github.com/runaway-killswitch/proxy-engine/core/config.go:66.47,68.16 2 1
github.com/runaway-killswitch/proxy-engine/core/config.go:68.16,70.3 1 1
github.com/runaway-killswitch/proxy-engine/core/config.go:71.2,72.51 2 1
github.com/runaway-killswitch/proxy-engine/core/config.go:72.51,74.3 1 1
github.com/runaway-killswitch/proxy-engine/core/config.go:75.2,75.49 1 1
github.com/runaway-killswitch/proxy-engine/core/config.go:75.49,77.3 1 1
github.com/runaway-killswitch/proxy-engine/core/config.go:78.2,78.50 1 1
github.com/runaway-killswitch/proxy-engine/core/config.go:78.50,80.3 1 1
github.com/runaway-killswitch/proxy-engine/core/config.go:81.2,81.52 1 1
github.com/runaway-killswitch/proxy-engine/core/config.go:81.52,83.3 1 1
github.com/runaway-killswitch/proxy-engine/core/config.go:85.2,85.42 1 1
github.com/runaway-killswitch/proxy-engine/core/config.go:85.42,87.3 1 1
github.com/runaway-killswitch/proxy-engine/core/config.go:88.2,88.40 1 1
github.com/runaway-killswitch/proxy-engine/core/config.go:88.40,90.3 1 1
github.com/runaway-killswitch/proxy-engine/core/config.go:91.2,91.18 1 1
github.com/runaway-killswitch/proxy-engine/core/config.go:96.58,97.54 1 1
github.com/runaway-killswitch/proxy-engine/core/config.go:97.54,99.3 1 1
github.com/runaway-killswitch/proxy-engine/core/config.go:102.2,103.40 2 1
github.com/runaway-killswitch/proxy-engine/core/config.go:103.40,105.3 1 1
github.com/runaway-killswitch/proxy-engine/core/config.go:106.2,106.39 1 1
github.com/runaway-killswitch/proxy-engine/core/config.go:106.39,106.77 1 1
github.com/runaway-killswitch/proxy-engine/core/config.go:107.2,107.27 1 1
github.com/runaway-killswitch/proxy-engine/core/config.go:107.27,108.36 1 1
github.com/runaway-killswitch/proxy-engine/core/config.go:108.36,110.4 1 1
github.com/runaway-killswitch/proxy-engine/core/config.go:112.2,115.3 1 1
github.com/runaway-killswitch/proxy-engine/core/metrics.go:31.88,33.16 2 0
github.com/runaway-killswitch/proxy-engine/core/metrics.go:33.16,35.3 1 0
github.com/runaway-killswitch/proxy-engine/core/metrics.go:36.2,39.47 4 0
github.com/runaway-killswitch/proxy-engine/core/metrics.go:39.47,41.3 1 0
github.com/runaway-killswitch/proxy-engine/core/metrics.go:42.2,42.64 1 0
github.com/runaway-killswitch/proxy-engine/core/metrics.go:46.99,48.22 2 0
github.com/runaway-killswitch/proxy-engine/core/metrics.go:48.22,50.3 1 0
github.com/runaway-killswitch/proxy-engine/core/metrics.go:51.2,51.16 1 0
github.com/runaway-killswitch/proxy-engine/core/metrics.go:51.16,53.3 1 0
github.com/runaway-killswitch/proxy-engine/core/metrics.go:54.2,55.32 2 0
github.com/runaway-killswitch/proxy-engine/core/metrics.go:59.93,65.2 5 0
github.com/runaway-killswitch/proxy-engine/core/metrics.go:68.76,75.2 6 0
github.com/runaway-killswitch/proxy-engine/core/metrics.go:79.126,98.2 16 0
github.com/runaway-killswitch/proxy-engine/core/metrics.go:101.108,104.22 3 0
github.com/runaway-killswitch/proxy-engine/core/metrics.go:104.22,106.3 1 0
github.com/runaway-killswitch/proxy-engine/core/metrics.go:107.2,108.16 2 0
github.com/runaway-killswitch/proxy-engine/core/metrics.go:108.16,110.3 1 0
github.com/runaway-killswitch/proxy-engine/core/metrics.go:111.2,112.25 2 0
github.com/runaway-killswitch/proxy-engine/core/metrics.go:112.25,113.15 1 0
github.com/runaway-killswitch/proxy-engine/core/metrics.go:113.15,114.12 1 0
github.com/runaway-killswitch/proxy-engine/core/metrics.go:116.3,117.18 2 0
github.com/runaway-killswitch/proxy-engine/core/metrics.go:119.2,119.45 1 0
github.com/runaway-killswitch/proxy-engine/core/metrics.go:123.82,130.16 4 0
github.com/runaway-killswitch/proxy-engine/core/metrics.go:130.16,132.3 1 0
github.com/runaway-killswitch/proxy-engine/core/metrics.go:133.2,134.25 2 0
github.com/runaway-killswitch/proxy-engine/core/metrics.go:134.25,135.15 1 0
github.com/runaway-killswitch/proxy-engine/core/metrics.go:135.15,136.12 1 0
github.com/runaway-killswitch/proxy-engine/core/metrics.go:138.3,139.18 2 0
github.com/runaway-killswitch/proxy-engine/core/metrics.go:141.2,141.45 1 0
github.com/runaway-killswitch/proxy-engine/core/metrics.go:146.118,151.42 5 0
github.com/runaway-killswitch/proxy-engine/core/metrics.go:151.42,153.3 1 0
github.com/runaway-killswitch/proxy-engine/core/metrics.go:154.2,155.32 2 0
github.com/runaway-killswitch/proxy-engine/core/metrics.go:155.32,157.3 1 0
github.com/runaway-killswitch/proxy-engine/core/metrics.go:158.2,158.31 1 0
github.com/runaway-killswitch/proxy-engine/core/metrics.go:158.31,159.21 1 0
github.com/runaway-killswitch/proxy-engine/core/metrics.go:159.21,161.4 1 0
github.com/runaway-killswitch/proxy-engine/core/metrics.go:163.2,163.18 1 0
github.com/runaway-killswitch/proxy-engine/core/metrics.go:181.93,189.16 8 0
github.com/runaway-killswitch/proxy-engine/core/metrics.go:189.16,191.3 1 0
github.com/runaway-killswitch/proxy-engine/core/metrics.go:192.2,203.8 1 0
github.com/runaway-killswitch/proxy-engine/core/streaming.go:8.90,9.29 1 1
github.com/runaway-killswitch/proxy-engine/core/streaming.go:9.29,11.3 1 1
github.com/runaway-killswitch/proxy-engine/core/streaming.go:12.2,12.34 1 1
github.com/runaway-killswitch/proxy-engine/core/streaming.go:16.94,17.29 1 1
github.com/runaway-killswitch/proxy-engine/core/streaming.go:17.29,24.53 2 1
github.com/runaway-killswitch/proxy-engine/core/streaming.go:24.53,26.4 1 1
github.com/runaway-killswitch/proxy-engine/core/streaming.go:27.3,27.14 1 0
github.com/runaway-killswitch/proxy-engine/core/streaming.go:31.2,37.52 2 1
github.com/runaway-killswitch/proxy-engine/core/streaming.go:37.52,39.3 1 1
github.com/runaway-killswitch/proxy-engine/core/streaming.go:40.2,40.13 1 1
github.com/runaway-killswitch/proxy-engine/core/streaming.go:46.76,58.51 2 1
github.com/runaway-killswitch/proxy-engine/core/streaming.go:58.51,60.3 1 1
github.com/runaway-killswitch/proxy-engine/core/streaming.go:61.2,61.18 1 1
github.com/runaway-killswitch/proxy-engine/core/streaming.go:62.23,63.42 1 1
github.com/runaway-killswitch/proxy-engine/core/streaming.go:64.23,65.35 1 1
github.com/runaway-killswitch/proxy-engine/core/streaming.go:67.2,67.13 1 1
github.com/runaway-killswitch/proxy-engine/core/streaming.go:73.73,80.71 2 1
github.com/runaway-killswitch/proxy-engine/core/streaming.go:80.71,82.3 1 1
github.com/runaway-killswitch/proxy-engine/core/streaming.go:83.2,83.59 1 1
